  [1m[35m (267.3ms)[0m  [1m[35mCREATE DATABASE "music_app_development" ENCODING = 'unicode'[0m
  ↳ bin/rails:9
  [1m[35m (89.5ms)[0m  [1m[35mCREATE DATABASE "music_app_test" ENCODING = 'unicode'[0m
  ↳ bin/rails:9
  [1m[35m (13.8ms)[0m  [1m[35mCREATE TABLE "schema_migrations" ("version" character varying NOT NULL PRIMARY KEY)[0m
  ↳ bin/rails:9
  [1m[35m (23.7ms)[0m  [1m[35mCREATE TABLE "ar_internal_metadata" ("key" character varying NOT NULL PRIMARY KEY, "value" character varying, "created_at" timestamp NOT NULL, "updated_at" timestamp NOT NULL)[0m
  ↳ bin/rails:9
  [1m[35m (0.5ms)[0m  [1m[34mSELECT pg_try_advisory_lock(4505726345591715405)[0m
  ↳ bin/rails:9
  [1m[35m (0.9ms)[0m  [1m[34mSELECT "schema_migrations"."version" FROM "schema_migrations" ORDER BY "schema_migrations"."version" ASC[0m
  ↳ bin/rails:9
Migrating to CreateUsers (20220315152242)
  [1m[35m (0.2ms)[0m  [1m[35mBEGIN[0m
  ↳ bin/rails:9
  [1m[35m (22.3ms)[0m  [1m[35mCREATE TABLE "users" ("id" bigserial primary key, "email" character varying NOT NULL, "password_digest" text NOT NULL, "session_token" text NOT NULL)[0m
  ↳ db/migrate/20220315152242_create_users.rb:3
  [1m[35m (5.4ms)[0m  [1m[35mCREATE  INDEX  "index_users_on_email" ON "users"  ("email")[0m
  ↳ db/migrate/20220315152242_create_users.rb:8
  [1m[35m (2.3ms)[0m  [1m[35mCREATE  INDEX  "index_users_on_session_token" ON "users"  ("session_token")[0m
  ↳ db/migrate/20220315152242_create_users.rb:9
  [1m[36mActiveRecord::SchemaMigration Create (1.6ms)[0m  [1m[32mINSERT INTO "schema_migrations" ("version") VALUES ($1) RETURNING "version"[0m  [["version", "20220315152242"]]
  ↳ bin/rails:9
  [1m[35m (0.8ms)[0m  [1m[35mCOMMIT[0m
  ↳ bin/rails:9
  [1m[36mActiveRecord::InternalMetadata Load (1.6ms)[0m  [1m[34mSELECT  "ar_internal_metadata".* FROM "ar_internal_metadata" WHERE "ar_internal_metadata"."key" = $1 LIMIT $2[0m  [["key", "environment"], ["LIMIT", 1]]
  ↳ bin/rails:9
  [1m[35m (0.5ms)[0m  [1m[35mBEGIN[0m
  ↳ bin/rails:9
  [1m[36mActiveRecord::InternalMetadata Create (0.7ms)[0m  [1m[32mINSERT INTO "ar_internal_metadata" ("key", "value", "created_at", "updated_at") VALUES ($1, $2, $3, $4) RETURNING "key"[0m  [["key", "environment"], ["value", "development"], ["created_at", "2022-03-15 15:26:06.172374"], ["updated_at", "2022-03-15 15:26:06.172374"]]
  ↳ bin/rails:9
  [1m[35m (5.1ms)[0m  [1m[35mCOMMIT[0m
  ↳ bin/rails:9
  [1m[35m (0.6ms)[0m  [1m[34mSELECT pg_advisory_unlock(4505726345591715405)[0m
  ↳ bin/rails:9
  [1m[35m (0.4ms)[0m  [1m[34mSELECT "schema_migrations"."version" FROM "schema_migrations" ORDER BY "schema_migrations"."version" ASC[0m
  ↳ bin/rails:9
Started GET "/" for ::1 at 2022-03-15 12:11:54 -0400
  [1m[35m (1.2ms)[0m  [1m[34mSELECT "schema_migrations"."version" FROM "schema_migrations" ORDER BY "schema_migrations"."version" ASC[0m
  ↳ /Users/appacademystudent/.rbenv/versions/2.5.1/lib/ruby/gems/2.5.0/gems/activerecord-5.2.7/lib/active_record/log_subscriber.rb:98
Processing by Rails::WelcomeController#index as HTML
  Rendering /Users/appacademystudent/.rbenv/versions/2.5.1/lib/ruby/gems/2.5.0/gems/railties-5.2.7/lib/rails/templates/rails/welcome/index.html.erb
  Rendered /Users/appacademystudent/.rbenv/versions/2.5.1/lib/ruby/gems/2.5.0/gems/railties-5.2.7/lib/rails/templates/rails/welcome/index.html.erb (8.8ms)
Completed 200 OK in 47ms (Views: 29.4ms | ActiveRecord: 0.0ms)


Started GET "/users" for ::1 at 2022-03-15 12:12:07 -0400
Processing by UsersController#index as HTML
  Rendering users/index.html.erb within layouts/application
  [1m[36mUser Load (31.8ms)[0m  [1m[34mSELECT "users".* FROM "users"[0m
  ↳ app/views/users/index.html.erb:3
  Rendered users/index.html.erb within layouts/application (54.2ms)
Completed 500 Internal Server Error in 90ms (ActiveRecord: 49.4ms)


  
SyntaxError (/Users/appacademystudent/Desktop/w7d2/music_app/app/views/layouts/application.html.erb:23: syntax error, unexpected '<', expecting keyword_end
...er.safe_append='    '.freeze; <% end ;@output_buffer.safe_ap...
...                              ^
/Users/appacademystudent/Desktop/w7d2/music_app/app/views/layouts/application.html.erb:28: syntax error, unexpected keyword_ensure, expecting keyword_end
          ensure
          ^~~~~~
/Users/appacademystudent/Desktop/w7d2/music_app/app/views/layouts/application.html.erb:30: syntax error, unexpected end-of-input, expecting keyword_end
          end
             ^):
  
app/views/layouts/application.html.erb:23: syntax error, unexpected '<', expecting keyword_end
app/views/layouts/application.html.erb:28: syntax error, unexpected keyword_ensure, expecting keyword_end
app/views/layouts/application.html.erb:30: syntax error, unexpected end-of-input, expecting keyword_end
app/controllers/users_controller.rb:4:in `index'
Started GET "/users" for ::1 at 2022-03-15 12:13:06 -0400
  [1m[35m (1.4ms)[0m  [1m[34mSELECT "schema_migrations"."version" FROM "schema_migrations" ORDER BY "schema_migrations"."version" ASC[0m
  ↳ /Users/appacademystudent/.rbenv/versions/2.5.1/lib/ruby/gems/2.5.0/gems/activerecord-5.2.7/lib/active_record/log_subscriber.rb:98
Processing by UsersController#index as HTML
  Rendering users/index.html.erb within layouts/application
  [1m[36mUser Load (1.5ms)[0m  [1m[34mSELECT "users".* FROM "users"[0m
  ↳ app/views/users/index.html.erb:3
  Rendered users/index.html.erb within layouts/application (18.5ms)
Completed 500 Internal Server Error in 669ms (ActiveRecord: 13.2ms)


  
ActionView::Template::Error (undefined local variable or method `session_token' for #<UsersController:0x00007fe91740e400>
Did you mean?  session):
    11: 
    12:   <body>
    13:     <%= yield %>
    14:     <% if logged_in? %>
    15:       <h2>Welcome, <%= current_user.username %></h2>
    16:       <form action="<%= session_url %>" method="post">
    17:         <input type="hidden" name="_method" value="delete">
  
app/controllers/application_controller.rb:5:in `current_user'
app/controllers/application_controller.rb:17:in `logged_in?'
app/views/layouts/application.html.erb:14:in `_app_views_layouts_application_html_erb___3161751328735468544_70319518863340'
app/controllers/users_controller.rb:4:in `index'
Started GET "/users" for ::1 at 2022-03-15 12:14:59 -0400
  [1m[35m (1.1ms)[0m  [1m[34mSELECT "schema_migrations"."version" FROM "schema_migrations" ORDER BY "schema_migrations"."version" ASC[0m
  ↳ /Users/appacademystudent/.rbenv/versions/2.5.1/lib/ruby/gems/2.5.0/gems/activerecord-5.2.7/lib/active_record/log_subscriber.rb:98
Processing by UsersController#index as HTML
  Rendering users/index.html.erb within layouts/application
  [1m[36mUser Load (6.0ms)[0m  [1m[34mSELECT "users".* FROM "users"[0m
  ↳ app/views/users/index.html.erb:3
  Rendered users/index.html.erb within layouts/application (47.9ms)
  [1m[36mUser Load (0.6ms)[0m  [1m[34mSELECT  "users".* FROM "users" WHERE "users"."session_token" IS NULL LIMIT $1[0m  [["LIMIT", 1]]
  ↳ app/controllers/application_controller.rb:5
Completed 200 OK in 345ms (Views: 309.1ms | ActiveRecord: 18.4ms)


Started GET "/session/new" for ::1 at 2022-03-15 12:15:04 -0400
Processing by SessionsController#new as HTML
  Rendering sessions/new.html.erb within layouts/application
  Rendered sessions/new.html.erb within layouts/application (0.7ms)
  [1m[36mUser Load (2.0ms)[0m  [1m[34mSELECT  "users".* FROM "users" WHERE "users"."session_token" IS NULL LIMIT $1[0m  [["LIMIT", 1]]
  ↳ app/controllers/application_controller.rb:5
Completed 200 OK in 98ms (Views: 53.2ms | ActiveRecord: 27.3ms)


Started POST "/session" for ::1 at 2022-03-15 12:15:17 -0400
Processing by SessionsController#create as HTML
  Parameters: {"user"=>{"email"=>"potato@starch.com", "password"=>"[FILTERED]"}}
Can't verify CSRF token authenticity.
Completed 422 Unprocessable Entity in 1ms (ActiveRecord: 0.0ms)


  
ActionController::InvalidAuthenticityToken (ActionController::InvalidAuthenticityToken):
  
actionpack (5.2.7) lib/action_controller/metal/request_forgery_protection.rb:215:in `handle_unverified_request'
actionpack (5.2.7) lib/action_controller/metal/request_forgery_protection.rb:247:in `handle_unverified_request'
actionpack (5.2.7) lib/action_controller/metal/request_forgery_protection.rb:242:in `verify_authenticity_token'
activesupport (5.2.7) lib/active_support/callbacks.rb:426:in `block in make_lambda'
activesupport (5.2.7) lib/active_support/callbacks.rb:198:in `block (2 levels) in halting'
actionpack (5.2.7) lib/abstract_controller/callbacks.rb:34:in `block (2 levels) in <module:Callbacks>'
activesupport (5.2.7) lib/active_support/callbacks.rb:199:in `block in halting'
activesupport (5.2.7) lib/active_support/callbacks.rb:513:in `block in invoke_before'
activesupport (5.2.7) lib/active_support/callbacks.rb:513:in `each'
activesupport (5.2.7) lib/active_support/callbacks.rb:513:in `invoke_before'
activesupport (5.2.7) lib/active_support/callbacks.rb:131:in `run_callbacks'
actionpack (5.2.7) lib/abstract_controller/callbacks.rb:41:in `process_action'
actionpack (5.2.7) lib/action_controller/metal/rescue.rb:22:in `process_action'
actionpack (5.2.7) lib/action_controller/metal/instrumentation.rb:34:in `block in process_action'
activesupport (5.2.7) lib/active_support/notifications.rb:168:in `block in instrument'
activesupport (5.2.7) lib/active_support/notifications/instrumenter.rb:23:in `instrument'
activesupport (5.2.7) lib/active_support/notifications.rb:168:in `instrument'
actionpack (5.2.7) lib/action_controller/metal/instrumentation.rb:32:in `process_action'
actionpack (5.2.7) lib/action_controller/metal/params_wrapper.rb:256:in `process_action'
activerecord (5.2.7) lib/active_record/railties/controller_runtime.rb:24:in `process_action'
actionpack (5.2.7) lib/abstract_controller/base.rb:134:in `process'
actionview (5.2.7) lib/action_view/rendering.rb:32:in `process'
actionpack (5.2.7) lib/action_controller/metal.rb:191:in `dispatch'
actionpack (5.2.7) lib/action_controller/metal.rb:252:in `dispatch'
actionpack (5.2.7) lib/action_dispatch/routing/route_set.rb:52:in `dispatch'
actionpack (5.2.7) lib/action_dispatch/routing/route_set.rb:34:in `serve'
actionpack (5.2.7) lib/action_dispatch/journey/router.rb:52:in `block in serve'
actionpack (5.2.7) lib/action_dispatch/journey/router.rb:35:in `each'
actionpack (5.2.7) lib/action_dispatch/journey/router.rb:35:in `serve'
actionpack (5.2.7) lib/action_dispatch/routing/route_set.rb:840:in `call'
rack (2.2.3) lib/rack/tempfile_reaper.rb:15:in `call'
rack (2.2.3) lib/rack/etag.rb:27:in `call'
rack (2.2.3) lib/rack/conditional_get.rb:40:in `call'
rack (2.2.3) lib/rack/head.rb:12:in `call'
actionpack (5.2.7) lib/action_dispatch/http/content_security_policy.rb:18:in `call'
rack (2.2.3) lib/rack/session/abstract/id.rb:266:in `context'
rack (2.2.3) lib/rack/session/abstract/id.rb:260:in `call'
actionpack (5.2.7) lib/action_dispatch/middleware/cookies.rb:670:in `call'
activerecord (5.2.7) lib/active_record/migration.rb:559:in `call'
actionpack (5.2.7) lib/action_dispatch/middleware/callbacks.rb:28:in `block in call'
activesupport (5.2.7) lib/active_support/callbacks.rb:98:in `run_callbacks'
actionpack (5.2.7) lib/action_dispatch/middleware/callbacks.rb:26:in `call'
actionpack (5.2.7) lib/action_dispatch/middleware/executor.rb:14:in `call'
actionpack (5.2.7) lib/action_dispatch/middleware/debug_exceptions.rb:61:in `call'
web-console (3.7.0) lib/web_console/middleware.rb:135:in `call_app'
web-console (3.7.0) lib/web_console/middleware.rb:30:in `block in call'
web-console (3.7.0) lib/web_console/middleware.rb:20:in `catch'
web-console (3.7.0) lib/web_console/middleware.rb:20:in `call'
actionpack (5.2.7) lib/action_dispatch/middleware/show_exceptions.rb:33:in `call'
railties (5.2.7) lib/rails/rack/logger.rb:38:in `call_app'
railties (5.2.7) lib/rails/rack/logger.rb:26:in `block in call'
activesupport (5.2.7) lib/active_support/tagged_logging.rb:71:in `block in tagged'
activesupport (5.2.7) lib/active_support/tagged_logging.rb:28:in `tagged'
activesupport (5.2.7) lib/active_support/tagged_logging.rb:71:in `tagged'
railties (5.2.7) lib/rails/rack/logger.rb:26:in `call'
sprockets-rails (3.4.2) lib/sprockets/rails/quiet_assets.rb:13:in `call'
actionpack (5.2.7) lib/action_dispatch/middleware/remote_ip.rb:81:in `call'
actionpack (5.2.7) lib/action_dispatch/middleware/request_id.rb:27:in `call'
rack (2.2.3) lib/rack/method_override.rb:24:in `call'
rack (2.2.3) lib/rack/runtime.rb:22:in `call'
activesupport (5.2.7) lib/active_support/cache/strategy/local_cache_middleware.rb:29:in `call'
actionpack (5.2.7) lib/action_dispatch/middleware/executor.rb:14:in `call'
actionpack (5.2.7) lib/action_dispatch/middleware/static.rb:127:in `call'
rack (2.2.3) lib/rack/sendfile.rb:110:in `call'
railties (5.2.7) lib/rails/engine.rb:524:in `call'
puma (3.12.6) lib/puma/configuration.rb:227:in `call'
puma (3.12.6) lib/puma/server.rb:706:in `handle_request'
puma (3.12.6) lib/puma/server.rb:476:in `process_client'
puma (3.12.6) lib/puma/server.rb:334:in `block in run'
puma (3.12.6) lib/puma/thread_pool.rb:135:in `block in spawn_thread'
Started GET "/" for ::1 at 2022-03-15 13:39:48 -0400
Processing by Rails::WelcomeController#index as HTML
  Rendering /Users/appacademystudent/.rbenv/versions/2.5.1/lib/ruby/gems/2.5.0/gems/railties-5.2.7/lib/rails/templates/rails/welcome/index.html.erb
  Rendered /Users/appacademystudent/.rbenv/versions/2.5.1/lib/ruby/gems/2.5.0/gems/railties-5.2.7/lib/rails/templates/rails/welcome/index.html.erb (6.6ms)
Completed 200 OK in 33ms (Views: 18.7ms | ActiveRecord: 0.0ms)


Started GET "/users" for ::1 at 2022-03-15 13:39:52 -0400
Processing by UsersController#index as HTML
  Rendering users/index.html.erb within layouts/application
  [1m[36mUser Load (45.4ms)[0m  [1m[34mSELECT "users".* FROM "users"[0m
  ↳ app/views/users/index.html.erb:3
  Rendered users/index.html.erb within layouts/application (52.9ms)
  [1m[36mUser Load (0.4ms)[0m  [1m[34mSELECT  "users".* FROM "users" WHERE "users"."session_token" IS NULL LIMIT $1[0m  [["LIMIT", 1]]
  ↳ app/controllers/application_controller.rb:5
Completed 200 OK in 170ms (Views: 123.1ms | ActiveRecord: 46.1ms)


Started GET "/users" for ::1 at 2022-03-15 13:40:16 -0400
Processing by UsersController#index as HTML
  Rendering users/index.html.erb within layouts/application
  [1m[36mUser Load (8.5ms)[0m  [1m[34mSELECT "users".* FROM "users"[0m
  ↳ app/views/users/index.html.erb:3
  Rendered users/index.html.erb within layouts/application (11.7ms)
  [1m[36mUser Load (0.8ms)[0m  [1m[34mSELECT  "users".* FROM "users" WHERE "users"."session_token" IS NULL LIMIT $1[0m  [["LIMIT", 1]]
  ↳ app/controllers/application_controller.rb:5
Completed 200 OK in 106ms (Views: 95.6ms | ActiveRecord: 9.3ms)


Started GET "/users" for ::1 at 2022-03-15 13:40:17 -0400
Processing by UsersController#index as HTML
  Rendering users/index.html.erb within layouts/application
  [1m[36mUser Load (3.3ms)[0m  [1m[34mSELECT "users".* FROM "users"[0m
  ↳ app/views/users/index.html.erb:3
  Rendered users/index.html.erb within layouts/application (5.7ms)
  [1m[36mUser Load (11.8ms)[0m  [1m[34mSELECT  "users".* FROM "users" WHERE "users"."session_token" IS NULL LIMIT $1[0m  [["LIMIT", 1]]
  ↳ app/controllers/application_controller.rb:5
Completed 200 OK in 67ms (Views: 50.7ms | ActiveRecord: 15.1ms)


Started GET "/users" for ::1 at 2022-03-15 13:40:27 -0400
Processing by UsersController#index as HTML
  Rendering users/index.html.erb within layouts/application
  [1m[36mUser Load (8.4ms)[0m  [1m[34mSELECT "users".* FROM "users"[0m
  ↳ app/views/users/index.html.erb:3
  Rendered users/index.html.erb within layouts/application (10.5ms)
  [1m[36mUser Load (1.1ms)[0m  [1m[34mSELECT  "users".* FROM "users" WHERE "users"."session_token" IS NULL LIMIT $1[0m  [["LIMIT", 1]]
  ↳ app/controllers/application_controller.rb:5
Completed 200 OK in 87ms (Views: 76.4ms | ActiveRecord: 9.5ms)


Started GET "/users" for ::1 at 2022-03-15 13:40:35 -0400
Processing by UsersController#index as HTML
  Rendering users/index.html.erb within layouts/application
  [1m[36mUser Load (17.4ms)[0m  [1m[34mSELECT "users".* FROM "users"[0m
  ↳ app/views/users/index.html.erb:3
  Rendered users/index.html.erb within layouts/application (24.4ms)
  [1m[36mUser Load (2.1ms)[0m  [1m[34mSELECT  "users".* FROM "users" WHERE "users"."session_token" IS NULL LIMIT $1[0m  [["LIMIT", 1]]
  ↳ app/controllers/application_controller.rb:5
Completed 200 OK in 147ms (Views: 126.4ms | ActiveRecord: 19.5ms)


Started GET "/users" for ::1 at 2022-03-15 13:40:59 -0400
Processing by UsersController#index as HTML
  Rendering users/index.html.erb within layouts/application
  [1m[36mUser Load (12.0ms)[0m  [1m[34mSELECT "users".* FROM "users"[0m
  ↳ app/views/users/index.html.erb:3
  Rendered users/index.html.erb within layouts/application (15.3ms)
  [1m[36mUser Load (0.7ms)[0m  [1m[34mSELECT  "users".* FROM "users" WHERE "users"."session_token" IS NULL LIMIT $1[0m  [["LIMIT", 1]]
  ↳ app/controllers/application_controller.rb:5
Completed 200 OK in 107ms (Views: 92.9ms | ActiveRecord: 12.6ms)


Started GET "/users" for ::1 at 2022-03-15 13:41:14 -0400
Processing by UsersController#index as HTML
  Rendering users/index.html.erb within layouts/application
  [1m[36mUser Load (51.1ms)[0m  [1m[34mSELECT "users".* FROM "users"[0m
  ↳ app/views/users/index.html.erb:3
  Rendered users/index.html.erb within layouts/application (54.4ms)
  [1m[36mUser Load (0.4ms)[0m  [1m[34mSELECT  "users".* FROM "users" WHERE "users"."session_token" IS NULL LIMIT $1[0m  [["LIMIT", 1]]
  ↳ app/controllers/application_controller.rb:5
Completed 200 OK in 143ms (Views: 88.5ms | ActiveRecord: 51.5ms)


Started GET "/users" for ::1 at 2022-03-15 13:41:33 -0400
Processing by UsersController#index as HTML
  Rendering users/index.html.erb within layouts/application
  [1m[36mUser Load (9.2ms)[0m  [1m[34mSELECT "users".* FROM "users"[0m
  ↳ app/views/users/index.html.erb:3
  Rendered users/index.html.erb within layouts/application (11.3ms)
  [1m[36mUser Load (0.7ms)[0m  [1m[34mSELECT  "users".* FROM "users" WHERE "users"."session_token" IS NULL LIMIT $1[0m  [["LIMIT", 1]]
  ↳ app/controllers/application_controller.rb:5
Completed 200 OK in 96ms (Views: 84.9ms | ActiveRecord: 9.8ms)


Started GET "/users/new" for ::1 at 2022-03-15 13:41:35 -0400
Processing by UsersController#new as HTML
  Rendering users/new.html.erb within layouts/application
  Rendered users/new.html.erb within layouts/application (1.1ms)
  [1m[36mUser Load (0.3ms)[0m  [1m[34mSELECT  "users".* FROM "users" WHERE "users"."session_token" IS NULL LIMIT $1[0m  [["LIMIT", 1]]
  ↳ app/controllers/application_controller.rb:5
Completed 200 OK in 70ms (Views: 68.6ms | ActiveRecord: 0.3ms)


Started POST "/users" for ::1 at 2022-03-15 13:42:04 -0400
Processing by UsersController#create as HTML
  Parameters: {"authenticity_token"=>"eeg7yuDkTnzU4bLmFYTTePdQZqqe91hGRRzJyqZyzmruuz9RNBjOCoR6LUha1acMIng5jL7o6Bvgfvgc5P+EUA==", "user"=>{"email"=>"hello@hi.com", "password"=>"[FILTERED]"}}
  [1m[35m (0.2ms)[0m  [1m[35mBEGIN[0m
  ↳ app/controllers/users_controller.rb:23
  [1m[36mUser Exists (1.3ms)[0m  [1m[34mSELECT  1 AS one FROM "users" WHERE "users"."email" = $1 LIMIT $2[0m  [["email", "hello@hi.com"], ["LIMIT", 1]]
  ↳ app/controllers/users_controller.rb:23
  [1m[36mUser Exists (0.8ms)[0m  [1m[34mSELECT  1 AS one FROM "users" WHERE "users"."session_token" = $1 LIMIT $2[0m  [["session_token", "WI16AyfJXLybrRlyjd9JlQ"], ["LIMIT", 1]]
  ↳ app/controllers/users_controller.rb:23
  [1m[36mUser Create (4.5ms)[0m  [1m[32mINSERT INTO "users" ("email", "password_digest", "session_token") VALUES ($1, $2, $3) RETURNING "id"[0m  [["email", "hello@hi.com"], ["password_digest", "$2a$12$/P12TgqbjwEXPKkaU.wYz.4ut0MDo4GOdSlUlOHkZxyOsKjh84QIO"], ["session_token", "WI16AyfJXLybrRlyjd9JlQ"]]
  ↳ app/controllers/users_controller.rb:23
  [1m[35m (24.1ms)[0m  [1m[35mCOMMIT[0m
  ↳ app/controllers/users_controller.rb:23
  [1m[35m (0.4ms)[0m  [1m[35mBEGIN[0m
  ↳ app/controllers/users_controller.rb:24
  [1m[36mUser Exists (3.5ms)[0m  [1m[34mSELECT  1 AS one FROM "users" WHERE "users"."email" = $1 AND "users"."id" != $2 LIMIT $3[0m  [["email", "hello@hi.com"], ["id", 1], ["LIMIT", 1]]
  ↳ app/controllers/users_controller.rb:24
  [1m[36mUser Exists (13.5ms)[0m  [1m[34mSELECT  1 AS one FROM "users" WHERE "users"."session_token" = $1 AND "users"."id" != $2 LIMIT $3[0m  [["session_token", "WI16AyfJXLybrRlyjd9JlQ"], ["id", 1], ["LIMIT", 1]]
  ↳ app/controllers/users_controller.rb:24
  [1m[35m (0.5ms)[0m  [1m[35mCOMMIT[0m
  ↳ app/controllers/users_controller.rb:24
  [1m[35m (9.7ms)[0m  [1m[35mBEGIN[0m
  ↳ app/models/user.rb:12
  [1m[36mCACHE User Exists (0.1ms)[0m  [1m[34mSELECT  1 AS one FROM "users" WHERE "users"."email" = $1 AND "users"."id" != $2 LIMIT $3[0m  [["email", "hello@hi.com"], ["id", 1], ["LIMIT", 1]]
  ↳ app/models/user.rb:12
  [1m[36mUser Exists (3.0ms)[0m  [1m[34mSELECT  1 AS one FROM "users" WHERE "users"."session_token" = $1 AND "users"."id" != $2 LIMIT $3[0m  [["session_token", "PZF-WjzRN0O-G9AggzW--A"], ["id", 1], ["LIMIT", 1]]
  ↳ app/models/user.rb:12
  [1m[36mUser Update (5.4ms)[0m  [1m[33mUPDATE "users" SET "session_token" = $1 WHERE "users"."id" = $2[0m  [["session_token", "PZF-WjzRN0O-G9AggzW--A"], ["id", 1]]
  ↳ app/models/user.rb:12
  [1m[35m (2.5ms)[0m  [1m[35mCOMMIT[0m
  ↳ app/models/user.rb:12
Redirected to http://localhost:3000/users/1
Completed 302 Found in 577ms (ActiveRecord: 69.5ms)


Started GET "/users/1" for ::1 at 2022-03-15 13:42:04 -0400
Processing by UsersController#show as HTML
  Parameters: {"id"=>"1"}
  [1m[36mUser Load (15.8ms)[0m  [1m[34mSELECT  "users".* FROM "users" WHERE "users"."id" = $1 LIMIT $2[0m  [["id", 1], ["LIMIT", 1]]
  ↳ app/controllers/users_controller.rb:8
  Rendering users/show.html.erb within layouts/application
  Rendered users/_user.html.erb (1.8ms)
  Rendered users/show.html.erb within layouts/application (22.1ms)
  [1m[36mUser Load (0.5ms)[0m  [1m[34mSELECT  "users".* FROM "users" WHERE "users"."session_token" = $1 LIMIT $2[0m  [["session_token", "PZF-WjzRN0O-G9AggzW--A"], ["LIMIT", 1]]
  ↳ app/controllers/application_controller.rb:5
Completed 500 Internal Server Error in 203ms (ActiveRecord: 16.3ms)


  
ActionView::Template::Error (undefined method `username' for #<User:0x00007fa8b9ef35a8>):
    19:   <body>
    20:     <%= yield %>
    21:     <% if logged_in? %>
    22:       <h2>Welcome, <%= current_user.username %></h2>
    23:       <form action="<%= session_url %>" method="post">
    24:         <input type="hidden" name="authenticity_token" value="<%= form_authenticity_token %>">
    25:         <input type="hidden" name="_method" value="delete">
  
app/views/layouts/application.html.erb:22:in `_app_views_layouts_application_html_erb__4053638346180639946_70181351613200'
app/controllers/users_controller.rb:11:in `show'
Started GET "/" for ::1 at 2022-03-15 13:42:37 -0400
Processing by Rails::WelcomeController#index as HTML
  Rendering /Users/appacademystudent/.rbenv/versions/2.5.1/lib/ruby/gems/2.5.0/gems/railties-5.2.7/lib/rails/templates/rails/welcome/index.html.erb
  Rendered /Users/appacademystudent/.rbenv/versions/2.5.1/lib/ruby/gems/2.5.0/gems/railties-5.2.7/lib/rails/templates/rails/welcome/index.html.erb (6.6ms)
Completed 200 OK in 33ms (Views: 21.8ms | ActiveRecord: 0.0ms)


Started GET "/users" for ::1 at 2022-03-15 13:42:40 -0400
Processing by UsersController#index as HTML
  Rendering users/index.html.erb within layouts/application
  [1m[36mUser Load (27.8ms)[0m  [1m[34mSELECT "users".* FROM "users"[0m
  ↳ app/views/users/index.html.erb:3
  Rendered users/index.html.erb within layouts/application (396.3ms)
Completed 500 Internal Server Error in 422ms (ActiveRecord: 27.8ms)


  
ActionView::Template::Error (undefined local variable or method `index' for #<#<Class:0x00007fa8b9aede18>:0x00007fa8b6cfdee0>):
    2: <ul>
    3:   <% @users.each do |user| %>
    4:   <li>
    5:     <%= render 'user', user: user, action: index %>
    6:   </li>
    7:   <% end %>
    8: </ul>
  
app/views/users/index.html.erb:5:in `block in _app_views_users_index_html_erb__1779561471285875314_70181299140220'
app/views/users/index.html.erb:3:in `_app_views_users_index_html_erb__1779561471285875314_70181299140220'
app/controllers/users_controller.rb:4:in `index'
Started GET "/users" for ::1 at 2022-03-15 13:43:37 -0400
Processing by UsersController#index as HTML
  Rendering users/index.html.erb within layouts/application
  [1m[36mUser Load (8.6ms)[0m  [1m[34mSELECT "users".* FROM "users"[0m
  ↳ app/views/users/index.html.erb:3
  Rendered users/_user.html.erb (1.2ms)
  Rendered users/index.html.erb within layouts/application (24.5ms)
  [1m[36mUser Load (1.0ms)[0m  [1m[34mSELECT  "users".* FROM "users" WHERE "users"."session_token" = $1 LIMIT $2[0m  [["session_token", "PZF-WjzRN0O-G9AggzW--A"], ["LIMIT", 1]]
  ↳ app/controllers/application_controller.rb:5
Completed 200 OK in 128ms (Views: 116.7ms | ActiveRecord: 9.6ms)


Started GET "/users" for ::1 at 2022-03-15 13:43:57 -0400
Processing by UsersController#index as HTML
  Rendering users/index.html.erb within layouts/application
  [1m[36mUser Load (5.0ms)[0m  [1m[34mSELECT "users".* FROM "users"[0m
  ↳ app/views/users/index.html.erb:3
  Rendered users/_user.html.erb (1.2ms)
  Rendered users/index.html.erb within layouts/application (20.6ms)
  [1m[36mUser Load (4.5ms)[0m  [1m[34mSELECT  "users".* FROM "users" WHERE "users"."session_token" = $1 LIMIT $2[0m  [["session_token", "PZF-WjzRN0O-G9AggzW--A"], ["LIMIT", 1]]
  ↳ app/controllers/application_controller.rb:5
Completed 200 OK in 118ms (Views: 107.9ms | ActiveRecord: 9.4ms)


Started DELETE "/session" for ::1 at 2022-03-15 13:44:06 -0400
Processing by SessionsController#destroy as HTML
  Parameters: {"authenticity_token"=>"SSMRRSd3qrn9rLYrUTjpuMBtOCYmaZHFdSgUAW8VN9vecBXe84sqz603KYUeaZ3MFUVnAAZ2IZjQSiXXLZh94Q=="}
  [1m[36mUser Load (8.6ms)[0m  [1m[34mSELECT  "users".* FROM "users" WHERE "users"."session_token" = $1 LIMIT $2[0m  [["session_token", "PZF-WjzRN0O-G9AggzW--A"], ["LIMIT", 1]]
  ↳ app/controllers/application_controller.rb:5
  [1m[35m (3.5ms)[0m  [1m[35mBEGIN[0m
  ↳ app/models/user.rb:12
  [1m[36mUser Exists (2.3ms)[0m  [1m[34mSELECT  1 AS one FROM "users" WHERE "users"."email" = $1 AND "users"."id" != $2 LIMIT $3[0m  [["email", "hello@hi.com"], ["id", 1], ["LIMIT", 1]]
  ↳ app/models/user.rb:12
  [1m[36mUser Exists (20.6ms)[0m  [1m[34mSELECT  1 AS one FROM "users" WHERE "users"."session_token" = $1 AND "users"."id" != $2 LIMIT $3[0m  [["session_token", "jYU-oKDHVn3HFAOh8Pm7-Q"], ["id", 1], ["LIMIT", 1]]
  ↳ app/models/user.rb:12
  [1m[36mUser Update (22.8ms)[0m  [1m[33mUPDATE "users" SET "session_token" = $1 WHERE "users"."id" = $2[0m  [["session_token", "jYU-oKDHVn3HFAOh8Pm7-Q"], ["id", 1]]
  ↳ app/models/user.rb:12
  [1m[35m (29.6ms)[0m  [1m[35mCOMMIT[0m
  ↳ app/models/user.rb:12
Redirected to http://localhost:3000/session/new
Completed 302 Found in 102ms (ActiveRecord: 87.4ms)


Started GET "/session/new" for ::1 at 2022-03-15 13:44:06 -0400
Processing by SessionsController#new as HTML
  Rendering sessions/new.html.erb within layouts/application
  Rendered sessions/new.html.erb within layouts/application (0.7ms)
  [1m[36mUser Load (0.8ms)[0m  [1m[34mSELECT  "users".* FROM "users" WHERE "users"."session_token" IS NULL LIMIT $1[0m  [["LIMIT", 1]]
  ↳ app/controllers/application_controller.rb:5
Completed 200 OK in 63ms (Views: 54.5ms | ActiveRecord: 0.8ms)


Started POST "/session" for ::1 at 2022-03-15 13:44:14 -0400
Processing by SessionsController#create as HTML
  Parameters: {"authenticity_token"=>"ecvb1Oq7SF6yU+V1p7gVi2Lq7VATtqCBTZiVmcy0UdzumN9PPkfIKOLIetvo6WH/t8KydjOpENzo+qRPjjkb5g==", "user"=>{"email"=>"potato@starch.com", "password"=>"[FILTERED]"}}
  [1m[36mUser Load (6.6ms)[0m  [1m[34mSELECT  "users".* FROM "users" WHERE "users"."email" = $1 LIMIT $2[0m  [["email", "potato@starch.com"], ["LIMIT", 1]]
  ↳ app/models/user.rb:31
  Rendering sessions/new.html.erb within layouts/application
  Rendered sessions/new.html.erb within layouts/application (0.7ms)
  [1m[36mUser Load (3.7ms)[0m  [1m[34mSELECT  "users".* FROM "users" WHERE "users"."session_token" IS NULL LIMIT $1[0m  [["LIMIT", 1]]
  ↳ app/controllers/application_controller.rb:5
Completed 200 OK in 127ms (Views: 93.5ms | ActiveRecord: 10.4ms)


Started GET "/users/new" for ::1 at 2022-03-15 13:44:17 -0400
Processing by UsersController#new as HTML
  Rendering users/new.html.erb within layouts/application
  Rendered users/new.html.erb within layouts/application (1.8ms)
  [1m[36mUser Load (0.5ms)[0m  [1m[34mSELECT  "users".* FROM "users" WHERE "users"."session_token" IS NULL LIMIT $1[0m  [["LIMIT", 1]]
  ↳ app/controllers/application_controller.rb:5
Completed 200 OK in 112ms (Views: 110.2ms | ActiveRecord: 0.5ms)


Started POST "/users" for ::1 at 2022-03-15 13:44:24 -0400
Processing by UsersController#create as HTML
  Parameters: {"authenticity_token"=>"t1t6cSMsAp8EfAQPHC2L3HlOcbn/1HVaagv/RGd9xK4gCH7q99CC6VTnm6FTfP+orGYun9/LxQfPac6SJfCOlA==", "user"=>{"email"=>"potato@starch.com", "password"=>"[FILTERED]"}}
  [1m[35m (0.2ms)[0m  [1m[35mBEGIN[0m
  ↳ app/controllers/users_controller.rb:23
  [1m[36mUser Exists (0.8ms)[0m  [1m[34mSELECT  1 AS one FROM "users" WHERE "users"."email" = $1 LIMIT $2[0m  [["email", "potato@starch.com"], ["LIMIT", 1]]
  ↳ app/controllers/users_controller.rb:23
  [1m[36mUser Exists (1.2ms)[0m  [1m[34mSELECT  1 AS one FROM "users" WHERE "users"."session_token" = $1 LIMIT $2[0m  [["session_token", "enKSjg8PMxCj9Ko6BiuSwA"], ["LIMIT", 1]]
  ↳ app/controllers/users_controller.rb:23
  [1m[36mUser Create (8.9ms)[0m  [1m[32mINSERT INTO "users" ("email", "password_digest", "session_token") VALUES ($1, $2, $3) RETURNING "id"[0m  [["email", "potato@starch.com"], ["password_digest", "$2a$12$G7dCErGUGKy.Hw2aoCSLReNDzDSu7oQa6PSeE.Wm/9mPQOSLJdJgm"], ["session_token", "enKSjg8PMxCj9Ko6BiuSwA"]]
  ↳ app/controllers/users_controller.rb:23
  [1m[35m (15.0ms)[0m  [1m[35mCOMMIT[0m
  ↳ app/controllers/users_controller.rb:23
  [1m[35m (18.9ms)[0m  [1m[35mBEGIN[0m
  ↳ app/controllers/users_controller.rb:24
  [1m[36mUser Exists (9.2ms)[0m  [1m[34mSELECT  1 AS one FROM "users" WHERE "users"."email" = $1 AND "users"."id" != $2 LIMIT $3[0m  [["email", "potato@starch.com"], ["id", 2], ["LIMIT", 1]]
  ↳ app/controllers/users_controller.rb:24
  [1m[36mUser Exists (5.8ms)[0m  [1m[34mSELECT  1 AS one FROM "users" WHERE "users"."session_token" = $1 AND "users"."id" != $2 LIMIT $3[0m  [["session_token", "enKSjg8PMxCj9Ko6BiuSwA"], ["id", 2], ["LIMIT", 1]]
  ↳ app/controllers/users_controller.rb:24
  [1m[35m (12.2ms)[0m  [1m[35mCOMMIT[0m
  ↳ app/controllers/users_controller.rb:24
  [1m[35m (0.5ms)[0m  [1m[35mBEGIN[0m
  ↳ app/models/user.rb:12
  [1m[36mCACHE User Exists (0.1ms)[0m  [1m[34mSELECT  1 AS one FROM "users" WHERE "users"."email" = $1 AND "users"."id" != $2 LIMIT $3[0m  [["email", "potato@starch.com"], ["id", 2], ["LIMIT", 1]]
  ↳ app/models/user.rb:12
  [1m[36mUser Exists (20.1ms)[0m  [1m[34mSELECT  1 AS one FROM "users" WHERE "users"."session_token" = $1 AND "users"."id" != $2 LIMIT $3[0m  [["session_token", "Q_uxGt9BV87f1ZrQO3AJlQ"], ["id", 2], ["LIMIT", 1]]
  ↳ app/models/user.rb:12
  [1m[36mUser Update (6.8ms)[0m  [1m[33mUPDATE "users" SET "session_token" = $1 WHERE "users"."id" = $2[0m  [["session_token", "Q_uxGt9BV87f1ZrQO3AJlQ"], ["id", 2]]
  ↳ app/models/user.rb:12
  [1m[35m (25.8ms)[0m  [1m[35mCOMMIT[0m
  ↳ app/models/user.rb:12
Redirected to http://localhost:3000/users/2
Completed 302 Found in 471ms (ActiveRecord: 125.6ms)


Started GET "/users/2" for ::1 at 2022-03-15 13:44:25 -0400
Processing by UsersController#show as HTML
  Parameters: {"id"=>"2"}
  [1m[36mUser Load (5.0ms)[0m  [1m[34mSELECT  "users".* FROM "users" WHERE "users"."id" = $1 LIMIT $2[0m  [["id", 2], ["LIMIT", 1]]
  ↳ app/controllers/users_controller.rb:8
  Rendering users/show.html.erb within layouts/application
  Rendered users/_user.html.erb (0.9ms)
  Rendered users/show.html.erb within layouts/application (6.9ms)
  [1m[36mUser Load (4.0ms)[0m  [1m[34mSELECT  "users".* FROM "users" WHERE "users"."session_token" = $1 LIMIT $2[0m  [["session_token", "Q_uxGt9BV87f1ZrQO3AJlQ"], ["LIMIT", 1]]
  ↳ app/controllers/application_controller.rb:5
Completed 200 OK in 91ms (Views: 76.3ms | ActiveRecord: 9.0ms)


Started GET "/users" for ::1 at 2022-03-15 13:44:29 -0400
Processing by UsersController#index as HTML
  Rendering users/index.html.erb within layouts/application
  [1m[36mUser Load (7.0ms)[0m  [1m[34mSELECT "users".* FROM "users"[0m
  ↳ app/views/users/index.html.erb:3
  Rendered users/_user.html.erb (1.0ms)
  Rendered users/_user.html.erb (0.5ms)
  Rendered users/index.html.erb within layouts/application (27.8ms)
  [1m[36mUser Load (2.4ms)[0m  [1m[34mSELECT  "users".* FROM "users" WHERE "users"."session_token" = $1 LIMIT $2[0m  [["session_token", "Q_uxGt9BV87f1ZrQO3AJlQ"], ["LIMIT", 1]]
  ↳ app/controllers/application_controller.rb:5
Completed 200 OK in 133ms (Views: 123.4ms | ActiveRecord: 9.4ms)


Started DELETE "/session" for ::1 at 2022-03-15 13:44:51 -0400
Processing by SessionsController#destroy as HTML
  Parameters: {"authenticity_token"=>"9J72ley3YY+ZylJeXUfakoMPLdLA3Hzawv0eZPq58CBjzfIOOEvh+clRzfASFq7mVidy9ODDzIdnny+yuDS6Gg=="}
  [1m[36mUser Load (12.9ms)[0m  [1m[34mSELECT  "users".* FROM "users" WHERE "users"."session_token" = $1 LIMIT $2[0m  [["session_token", "Q_uxGt9BV87f1ZrQO3AJlQ"], ["LIMIT", 1]]
  ↳ app/controllers/application_controller.rb:5
  [1m[35m (3.2ms)[0m  [1m[35mBEGIN[0m
  ↳ app/models/user.rb:12
  [1m[36mUser Exists (15.9ms)[0m  [1m[34mSELECT  1 AS one FROM "users" WHERE "users"."email" = $1 AND "users"."id" != $2 LIMIT $3[0m  [["email", "potato@starch.com"], ["id", 2], ["LIMIT", 1]]
  ↳ app/models/user.rb:12
  [1m[36mUser Exists (30.5ms)[0m  [1m[34mSELECT  1 AS one FROM "users" WHERE "users"."session_token" = $1 AND "users"."id" != $2 LIMIT $3[0m  [["session_token", "OR9ntUFBIaGgURsjUDGmwQ"], ["id", 2], ["LIMIT", 1]]
  ↳ app/models/user.rb:12
  [1m[36mUser Update (11.4ms)[0m  [1m[33mUPDATE "users" SET "session_token" = $1 WHERE "users"."id" = $2[0m  [["session_token", "OR9ntUFBIaGgURsjUDGmwQ"], ["id", 2]]
  ↳ app/models/user.rb:12
  [1m[35m (18.9ms)[0m  [1m[35mCOMMIT[0m
  ↳ app/models/user.rb:12
Redirected to http://localhost:3000/session/new
Completed 302 Found in 110ms (ActiveRecord: 92.9ms)


Started GET "/session/new" for ::1 at 2022-03-15 13:44:52 -0400
Processing by SessionsController#new as HTML
  Rendering sessions/new.html.erb within layouts/application
  Rendered sessions/new.html.erb within layouts/application (1.3ms)
  [1m[36mUser Load (0.5ms)[0m  [1m[34mSELECT  "users".* FROM "users" WHERE "users"."session_token" IS NULL LIMIT $1[0m  [["LIMIT", 1]]
  ↳ app/controllers/application_controller.rb:5
Completed 200 OK in 112ms (Views: 94.6ms | ActiveRecord: 0.5ms)


  [1m[35m (0.4ms)[0m  [1m[34mSELECT pg_try_advisory_lock(4505726345591715405)[0m
  ↳ bin/rails:9
  [1m[35m (1.3ms)[0m  [1m[34mSELECT "schema_migrations"."version" FROM "schema_migrations" ORDER BY "schema_migrations"."version" ASC[0m
  ↳ bin/rails:9
Migrating to CreateBands (20220315174812)
  [1m[35m (0.2ms)[0m  [1m[35mBEGIN[0m
  ↳ bin/rails:9
  [1m[35m (26.1ms)[0m  [1m[35mCREATE TABLE "bands" ("id" bigserial primary key, "name" character varying NOT NULL, "created_at" timestamp NOT NULL, "updated_at" timestamp NOT NULL)[0m
  ↳ db/migrate/20220315174812_create_bands.rb:3
  [1m[35m (4.8ms)[0m  [1m[35mALTER TABLE "users" ADD "created_at" timestamp NOT NULL[0m
  ↳ db/migrate/20220315174812_create_bands.rb:7
  [1m[35m (0.2ms)[0m  [1m[31mROLLBACK[0m
  ↳ bin/rails:9
  [1m[35m (0.3ms)[0m  [1m[34mSELECT pg_advisory_unlock(4505726345591715405)[0m
  ↳ bin/rails:9
  [1m[35m (0.3ms)[0m  [1m[34mSELECT pg_try_advisory_lock(4505726345591715405)[0m
  ↳ bin/rails:9
  [1m[35m (1.1ms)[0m  [1m[34mSELECT "schema_migrations"."version" FROM "schema_migrations" ORDER BY "schema_migrations"."version" ASC[0m
  ↳ bin/rails:9
Migrating to CreateBands (20220315174812)
  [1m[35m (0.2ms)[0m  [1m[35mBEGIN[0m
  ↳ bin/rails:9
  [1m[35m (16.7ms)[0m  [1m[35mCREATE TABLE "bands" ("id" bigserial primary key, "name" character varying NOT NULL, "created_at" timestamp NOT NULL, "updated_at" timestamp NOT NULL)[0m
  ↳ db/migrate/20220315174812_create_bands.rb:3
  [1m[36mActiveRecord::SchemaMigration Create (3.0ms)[0m  [1m[32mINSERT INTO "schema_migrations" ("version") VALUES ($1) RETURNING "version"[0m  [["version", "20220315174812"]]
  ↳ bin/rails:9
  [1m[35m (2.4ms)[0m  [1m[35mCOMMIT[0m
  ↳ bin/rails:9
  [1m[36mActiveRecord::InternalMetadata Load (0.8ms)[0m  [1m[34mSELECT  "ar_internal_metadata".* FROM "ar_internal_metadata" WHERE "ar_internal_metadata"."key" = $1 LIMIT $2[0m  [["key", "environment"], ["LIMIT", 1]]
  ↳ bin/rails:9
  [1m[35m (0.3ms)[0m  [1m[35mBEGIN[0m
  ↳ bin/rails:9
  [1m[35m (0.3ms)[0m  [1m[35mCOMMIT[0m
  ↳ bin/rails:9
  [1m[35m (0.5ms)[0m  [1m[34mSELECT pg_advisory_unlock(4505726345591715405)[0m
  ↳ bin/rails:9
  [1m[35m (0.4ms)[0m  [1m[34mSELECT "schema_migrations"."version" FROM "schema_migrations" ORDER BY "schema_migrations"."version" ASC[0m
  ↳ bin/rails:9
  [1m[35m (0.3ms)[0m  [1m[34mSELECT pg_try_advisory_lock(4505726345591715405)[0m
  ↳ bin/rails:9
  [1m[35m (1.3ms)[0m  [1m[34mSELECT "schema_migrations"."version" FROM "schema_migrations" ORDER BY "schema_migrations"."version" ASC[0m
  ↳ bin/rails:9
Migrating to CreateAlbums (20220315182207)
  [1m[35m (0.2ms)[0m  [1m[35mBEGIN[0m
  ↳ bin/rails:9
  [1m[35m (10.6ms)[0m  [1m[35mCREATE TABLE "albums" ("id" bigserial primary key, "title" character varying NOT NULL, "year" integer NOT NULL, "is_live" boolean DEFAULT FALSE NOT NULL, "band_id" integer NOT NULL, "created_at" timestamp NOT NULL, "updated_at" timestamp NOT NULL)[0m
  ↳ db/migrate/20220315182207_create_albums.rb:3
  [1m[35m (2.9ms)[0m  [1m[35mCREATE  INDEX  "index_albums_on_band_id" ON "albums"  ("band_id")[0m
  ↳ db/migrate/20220315182207_create_albums.rb:10
  [1m[36mActiveRecord::SchemaMigration Create (1.2ms)[0m  [1m[32mINSERT INTO "schema_migrations" ("version") VALUES ($1) RETURNING "version"[0m  [["version", "20220315182207"]]
  ↳ bin/rails:9
  [1m[35m (0.9ms)[0m  [1m[35mCOMMIT[0m
  ↳ bin/rails:9
  [1m[36mActiveRecord::InternalMetadata Load (1.5ms)[0m  [1m[34mSELECT  "ar_internal_metadata".* FROM "ar_internal_metadata" WHERE "ar_internal_metadata"."key" = $1 LIMIT $2[0m  [["key", "environment"], ["LIMIT", 1]]
  ↳ bin/rails:9
  [1m[35m (0.2ms)[0m  [1m[35mBEGIN[0m
  ↳ bin/rails:9
  [1m[35m (0.3ms)[0m  [1m[35mCOMMIT[0m
  ↳ bin/rails:9
  [1m[35m (0.4ms)[0m  [1m[34mSELECT pg_advisory_unlock(4505726345591715405)[0m
  ↳ bin/rails:9
  [1m[35m (0.4ms)[0m  [1m[34mSELECT "schema_migrations"."version" FROM "schema_migrations" ORDER BY "schema_migrations"."version" ASC[0m
  ↳ bin/rails:9
Started GET "/session/new" for ::1 at 2022-03-15 16:04:03 -0400
  [1m[35m (7.1ms)[0m  [1m[34mSELECT "schema_migrations"."version" FROM "schema_migrations" ORDER BY "schema_migrations"."version" ASC[0m
  ↳ /Users/appacademystudent/.rbenv/versions/2.5.1/lib/ruby/gems/2.5.0/gems/activerecord-5.2.7/lib/active_record/log_subscriber.rb:98
Processing by SessionsController#new as HTML
  Rendering sessions/new.html.erb within layouts/application
  Rendered sessions/new.html.erb within layouts/application (2.8ms)
  [1m[36mUser Load (1.2ms)[0m  [1m[34mSELECT  "users".* FROM "users" WHERE "users"."session_token" IS NULL LIMIT $1[0m  [["LIMIT", 1]]
  ↳ app/controllers/application_controller.rb:5
Completed 200 OK in 381ms (Views: 348.5ms | ActiveRecord: 11.2ms)


Started POST "/session" for ::1 at 2022-03-15 16:04:10 -0400
Processing by SessionsController#create as HTML
  Parameters: {"authenticity_token"=>"9AKcaLdQhDq/KpzAQEFVVdeOX5PX7t6bVjw4dyvC0OJjUZjzY6wETO+xA24PECEhAqYAtffxbsbzXgmhaU+a2A==", "user"=>{"email"=>"potato@starch.com", "password"=>"[FILTERED]"}}
  [1m[36mUser Load (1.8ms)[0m  [1m[34mSELECT  "users".* FROM "users" WHERE "users"."email" = $1 LIMIT $2[0m  [["email", "potato@starch.com"], ["LIMIT", 1]]
  ↳ app/models/user.rb:32
  [1m[35m (0.3ms)[0m  [1m[35mBEGIN[0m
  ↳ app/models/user.rb:13
  [1m[36mUser Exists (1.8ms)[0m  [1m[34mSELECT  1 AS one FROM "users" WHERE "users"."email" = $1 AND "users"."id" != $2 LIMIT $3[0m  [["email", "potato@starch.com"], ["id", 2], ["LIMIT", 1]]
  ↳ app/models/user.rb:13
  [1m[36mUser Exists (1.0ms)[0m  [1m[34mSELECT  1 AS one FROM "users" WHERE "users"."session_token" = $1 AND "users"."id" != $2 LIMIT $3[0m  [["session_token", "cSFDP49e40CYmQXZgWsjTg"], ["id", 2], ["LIMIT", 1]]
  ↳ app/models/user.rb:13
  [1m[35m (8.0ms)[0m  [1m[31mROLLBACK[0m
  ↳ app/models/user.rb:13
Completed 500 Internal Server Error in 355ms (ActiveRecord: 12.9ms)


  
NoMethodError (undefined method `password' for #<User:0x00007fe15b5ec290>
Did you mean?  password=):
  
app/models/user.rb:13:in `reset_session_token!'
app/controllers/application_controller.rb:21:in `login'
app/controllers/sessions_controller.rb:10:in `create'
Started GET "/users" for ::1 at 2022-03-15 16:14:38 -0400
Processing by UsersController#index as HTML
  Rendering users/index.html.erb within layouts/application
  [1m[36mUser Load (1.7ms)[0m  [1m[34mSELECT "users".* FROM "users"[0m
  ↳ app/views/users/index.html.erb:3
  Rendered users/_user.html.erb (1.4ms)
  Rendered users/_user.html.erb (0.3ms)
  Rendered users/index.html.erb within layouts/application (64.2ms)
  [1m[36mUser Load (0.3ms)[0m  [1m[34mSELECT  "users".* FROM "users" WHERE "users"."session_token" IS NULL LIMIT $1[0m  [["LIMIT", 1]]
  ↳ app/controllers/application_controller.rb:5
Completed 200 OK in 158ms (Views: 153.2ms | ActiveRecord: 2.3ms)


Started GET "/session/new" for ::1 at 2022-03-15 16:14:43 -0400
Processing by SessionsController#new as HTML
  Rendering sessions/new.html.erb within layouts/application
  Rendered sessions/new.html.erb within layouts/application (0.8ms)
  [1m[36mUser Load (0.5ms)[0m  [1m[34mSELECT  "users".* FROM "users" WHERE "users"."session_token" IS NULL LIMIT $1[0m  [["LIMIT", 1]]
  ↳ app/controllers/application_controller.rb:5
Completed 200 OK in 55ms (Views: 46.4ms | ActiveRecord: 0.5ms)


Started POST "/session" for ::1 at 2022-03-15 16:14:55 -0400
Processing by SessionsController#create as HTML
  Parameters: {"authenticity_token"=>"7jCrPG3Wbgy0TCKt1/d/46gSKq6OJQZ9A592rJQToSd5Y6+nuSrueuTXvQOYpguXfTp1iK46tiCm/Ud61p7rHQ==", "user"=>{"email"=>"potato@starch.com", "password"=>"[FILTERED]"}}
  [1m[36mUser Load (0.9ms)[0m  [1m[34mSELECT  "users".* FROM "users" WHERE "users"."email" = $1 LIMIT $2[0m  [["email", "potato@starch.com"], ["LIMIT", 1]]
  ↳ app/models/user.rb:32
  [1m[35m (0.3ms)[0m  [1m[35mBEGIN[0m
  ↳ app/models/user.rb:13
  [1m[36mUser Exists (1.0ms)[0m  [1m[34mSELECT  1 AS one FROM "users" WHERE "users"."email" = $1 AND "users"."id" != $2 LIMIT $3[0m  [["email", "potato@starch.com"], ["id", 2], ["LIMIT", 1]]
  ↳ app/models/user.rb:13
  [1m[36mUser Exists (0.9ms)[0m  [1m[34mSELECT  1 AS one FROM "users" WHERE "users"."session_token" = $1 AND "users"."id" != $2 LIMIT $3[0m  [["session_token", "BbdUAfHRk-eTRJadwcewCw"], ["id", 2], ["LIMIT", 1]]
  ↳ app/models/user.rb:13
  [1m[35m (1.8ms)[0m  [1m[31mROLLBACK[0m
  ↳ app/models/user.rb:13
Completed 500 Internal Server Error in 346ms (ActiveRecord: 4.8ms)


  
NoMethodError (undefined method `password' for #<User:0x00007fe157ecbf68>
Did you mean?  password=):
  
app/models/user.rb:13:in `reset_session_token!'
app/controllers/application_controller.rb:21:in `login'
app/controllers/sessions_controller.rb:10:in `create'
Started GET "/users" for ::1 at 2022-03-15 16:16:04 -0400
Processing by UsersController#index as HTML
  Rendering users/index.html.erb within layouts/application
  [1m[36mUser Load (0.5ms)[0m  [1m[34mSELECT "users".* FROM "users"[0m
  ↳ app/views/users/index.html.erb:3
  Rendered users/_user.html.erb (0.8ms)
  Rendered users/_user.html.erb (0.2ms)
  Rendered users/index.html.erb within layouts/application (44.5ms)
  [1m[36mUser Load (0.5ms)[0m  [1m[34mSELECT  "users".* FROM "users" WHERE "users"."session_token" IS NULL LIMIT $1[0m  [["LIMIT", 1]]
  ↳ app/controllers/application_controller.rb:5
Completed 200 OK in 100ms (Views: 69.9ms | ActiveRecord: 24.5ms)


Started GET "/session/new" for ::1 at 2022-03-15 16:16:06 -0400
Processing by SessionsController#new as HTML
  Rendering sessions/new.html.erb within layouts/application
  Rendered sessions/new.html.erb within layouts/application (1.1ms)
  [1m[36mUser Load (0.9ms)[0m  [1m[34mSELECT  "users".* FROM "users" WHERE "users"."session_token" IS NULL LIMIT $1[0m  [["LIMIT", 1]]
  ↳ app/controllers/application_controller.rb:5
Completed 200 OK in 52ms (Views: 45.4ms | ActiveRecord: 0.9ms)


Started POST "/session" for ::1 at 2022-03-15 16:16:11 -0400
Processing by SessionsController#create as HTML
  Parameters: {"authenticity_token"=>"4lXL9ahQ6U+swcljOyqkHN/ES6vItaG/3Ia6pUdwXi11Bs9ufKxpOfxaVs10e9BoCuwUjeiqEeJ55ItzBf0UFw==", "user"=>{"email"=>"potato@starch.com", "password"=>"[FILTERED]"}}
  [1m[36mUser Load (0.8ms)[0m  [1m[34mSELECT  "users".* FROM "users" WHERE "users"."email" = $1 LIMIT $2[0m  [["email", "potato@starch.com"], ["LIMIT", 1]]
  ↳ app/models/user.rb:32
  [1m[35m (1.3ms)[0m  [1m[35mBEGIN[0m
  ↳ app/models/user.rb:13
  [1m[36mUser Exists (0.8ms)[0m  [1m[34mSELECT  1 AS one FROM "users" WHERE "users"."email" = $1 AND "users"."id" != $2 LIMIT $3[0m  [["email", "potato@starch.com"], ["id", 2], ["LIMIT", 1]]
  ↳ app/models/user.rb:13
  [1m[36mUser Exists (3.9ms)[0m  [1m[34mSELECT  1 AS one FROM "users" WHERE "users"."session_token" = $1 AND "users"."id" != $2 LIMIT $3[0m  [["session_token", "7Esw7KUPKp-3z2NHRhdS2w"], ["id", 2], ["LIMIT", 1]]
  ↳ app/models/user.rb:13
  [1m[35m (1.1ms)[0m  [1m[31mROLLBACK[0m
  ↳ app/models/user.rb:13
Completed 500 Internal Server Error in 96800ms (ActiveRecord: 7.9ms)


  
NoMethodError (undefined method `password' for #<User:0x00007fe157c43a98>
Did you mean?  password=):
  
app/models/user.rb:13:in `reset_session_token!'
app/controllers/application_controller.rb:21:in `login'
app/controllers/sessions_controller.rb:12:in `create'
Started GET "/session/new" for ::1 at 2022-03-15 16:21:52 -0400
Processing by SessionsController#new as HTML
  Rendering sessions/new.html.erb within layouts/application
  Rendered sessions/new.html.erb within layouts/application (1.4ms)
  [1m[36mUser Load (0.5ms)[0m  [1m[34mSELECT  "users".* FROM "users" WHERE "users"."session_token" IS NULL LIMIT $1[0m  [["LIMIT", 1]]
  ↳ app/controllers/application_controller.rb:5
Completed 200 OK in 64ms (Views: 37.5ms | ActiveRecord: 13.6ms)


Started POST "/session" for ::1 at 2022-03-15 16:22:12 -0400
  [1m[35m (1.9ms)[0m  [1m[34mSELECT "schema_migrations"."version" FROM "schema_migrations" ORDER BY "schema_migrations"."version" ASC[0m
  ↳ /Users/appacademystudent/.rbenv/versions/2.5.1/lib/ruby/gems/2.5.0/gems/activerecord-5.2.7/lib/active_record/log_subscriber.rb:98
Processing by SessionsController#create as HTML
  Parameters: {"authenticity_token"=>"xCC3+Uh4iOcCpHjmlOlWTqTitdrwLunsk+1e8pIAESlTc7NinIQIkVI/50jbuCI6ccrq/NAxWbE2j28k0I1bEw==", "user"=>{"email"=>"potato@starch.com", "password"=>"[FILTERED]"}}
  [1m[36mUser Load (1.4ms)[0m  [1m[34mSELECT  "users".* FROM "users" WHERE "users"."email" = $1 LIMIT $2[0m  [["email", "potato@starch.com"], ["LIMIT", 1]]
  ↳ app/models/user.rb:34
  [1m[35m (0.6ms)[0m  [1m[35mBEGIN[0m
  ↳ app/models/user.rb:15
  [1m[36mUser Exists (3.3ms)[0m  [1m[34mSELECT  1 AS one FROM "users" WHERE "users"."email" = $1 AND "users"."id" != $2 LIMIT $3[0m  [["email", "potato@starch.com"], ["id", 2], ["LIMIT", 1]]
  ↳ app/models/user.rb:15
  [1m[36mUser Exists (6.5ms)[0m  [1m[34mSELECT  1 AS one FROM "users" WHERE "users"."session_token" = $1 AND "users"."id" != $2 LIMIT $3[0m  [["session_token", "QJZ-bu6RWvEezSJlpredfw"], ["id", 2], ["LIMIT", 1]]
  ↳ app/models/user.rb:15
  [1m[36mUser Update (15.3ms)[0m  [1m[33mUPDATE "users" SET "session_token" = $1 WHERE "users"."id" = $2[0m  [["session_token", "QJZ-bu6RWvEezSJlpredfw"], ["id", 2]]
  ↳ app/models/user.rb:15
  [1m[35m (2.1ms)[0m  [1m[35mCOMMIT[0m
  ↳ app/models/user.rb:15
Redirected to http://localhost:3000/users/2
Completed 302 Found in 16866ms (ActiveRecord: 58.1ms)


Started GET "/users/2" for ::1 at 2022-03-15 16:22:29 -0400
Processing by UsersController#show as HTML
  Parameters: {"id"=>"2"}
  [1m[36mUser Load (0.6ms)[0m  [1m[34mSELECT  "users".* FROM "users" WHERE "users"."id" = $1 LIMIT $2[0m  [["id", 2], ["LIMIT", 1]]
  ↳ app/controllers/users_controller.rb:9
  Rendering users/show.html.erb within layouts/application
  Rendered users/_user.html.erb (1.3ms)
  Rendered users/show.html.erb within layouts/application (8.7ms)
  [1m[36mUser Load (0.7ms)[0m  [1m[34mSELECT  "users".* FROM "users" WHERE "users"."session_token" = $1 LIMIT $2[0m  [["session_token", "QJZ-bu6RWvEezSJlpredfw"], ["LIMIT", 1]]
  ↳ app/controllers/application_controller.rb:5
Completed 200 OK in 11218ms (Views: 292.3ms | ActiveRecord: 1.4ms)


Started DELETE "/session" for ::1 at 2022-03-15 16:30:53 -0400
Processing by SessionsController#destroy as HTML
  Parameters: {"authenticity_token"=>"alGvyKEprKrzQUI/pHamu7iuUkqk/16vRrwb69P1Sif9AqtTddUs3KPa3ZHrJ9LPbYYNbITg7vLj3io9kXgAHQ=="}
  [1m[36mUser Load (1.3ms)[0m  [1m[34mSELECT  "users".* FROM "users" WHERE "users"."session_token" = $1 LIMIT $2[0m  [["session_token", "QJZ-bu6RWvEezSJlpredfw"], ["LIMIT", 1]]
  ↳ app/controllers/application_controller.rb:5
  [1m[35m (0.4ms)[0m  [1m[35mBEGIN[0m
  ↳ app/models/user.rb:15
  [1m[36mUser Exists (1.3ms)[0m  [1m[34mSELECT  1 AS one FROM "users" WHERE "users"."email" = $1 AND "users"."id" != $2 LIMIT $3[0m  [["email", "potato@starch.com"], ["id", 2], ["LIMIT", 1]]
  ↳ app/models/user.rb:15
  [1m[36mUser Exists (1.1ms)[0m  [1m[34mSELECT  1 AS one FROM "users" WHERE "users"."session_token" = $1 AND "users"."id" != $2 LIMIT $3[0m  [["session_token", "kykO2_Yy-M1OxREDMba8aw"], ["id", 2], ["LIMIT", 1]]
  ↳ app/models/user.rb:15
  [1m[36mUser Update (2.9ms)[0m  [1m[33mUPDATE "users" SET "session_token" = $1 WHERE "users"."id" = $2[0m  [["session_token", "kykO2_Yy-M1OxREDMba8aw"], ["id", 2]]
  ↳ app/models/user.rb:15
  [1m[35m (2.5ms)[0m  [1m[35mCOMMIT[0m
  ↳ app/models/user.rb:15
Redirected to http://localhost:3000/session/new
Completed 302 Found in 86ms (ActiveRecord: 28.5ms)


Started GET "/session/new" for ::1 at 2022-03-15 16:30:53 -0400
Processing by SessionsController#new as HTML
  Rendering sessions/new.html.erb within layouts/application
  Rendered sessions/new.html.erb within layouts/application (1.5ms)
  [1m[36mUser Load (0.7ms)[0m  [1m[34mSELECT  "users".* FROM "users" WHERE "users"."session_token" IS NULL LIMIT $1[0m  [["LIMIT", 1]]
  ↳ app/controllers/application_controller.rb:5
Completed 200 OK in 63ms (Views: 48.0ms | ActiveRecord: 0.7ms)


Started GET "/session/new" for ::1 at 2022-03-15 16:31:38 -0400
Processing by SessionsController#new as HTML
  Rendering sessions/new.html.erb within layouts/application
  Rendered sessions/new.html.erb within layouts/application (1.4ms)
  [1m[36mUser Load (0.5ms)[0m  [1m[34mSELECT  "users".* FROM "users" WHERE "users"."session_token" IS NULL LIMIT $1[0m  [["LIMIT", 1]]
  ↳ app/controllers/application_controller.rb:5
Completed 200 OK in 78ms (Views: 71.8ms | ActiveRecord: 0.5ms)


Started GET "/session/new" for ::1 at 2022-03-15 16:31:38 -0400
Processing by SessionsController#new as HTML
  Rendering sessions/new.html.erb within layouts/application
  Rendered sessions/new.html.erb within layouts/application (1.1ms)
  [1m[36mUser Load (1.1ms)[0m  [1m[34mSELECT  "users".* FROM "users" WHERE "users"."session_token" IS NULL LIMIT $1[0m  [["LIMIT", 1]]
  ↳ app/controllers/application_controller.rb:5
Completed 200 OK in 80ms (Views: 71.8ms | ActiveRecord: 1.1ms)


Started GET "/session/new" for ::1 at 2022-03-15 16:31:46 -0400
Processing by SessionsController#new as HTML
  Rendering sessions/new.html.erb within layouts/application
  Rendered sessions/new.html.erb within layouts/application (1.3ms)
  [1m[36mUser Load (0.5ms)[0m  [1m[34mSELECT  "users".* FROM "users" WHERE "users"."session_token" IS NULL LIMIT $1[0m  [["LIMIT", 1]]
  ↳ app/controllers/application_controller.rb:5
Completed 200 OK in 73ms (Views: 65.4ms | ActiveRecord: 0.5ms)


Started GET "/session/new" for ::1 at 2022-03-15 16:33:08 -0400
Processing by SessionsController#new as HTML
  Rendering sessions/new.html.erb within layouts/application
  Rendered sessions/new.html.erb within layouts/application (2.1ms)
  [1m[36mUser Load (0.5ms)[0m  [1m[34mSELECT  "users".* FROM "users" WHERE "users"."session_token" IS NULL LIMIT $1[0m  [["LIMIT", 1]]
  ↳ app/controllers/application_controller.rb:5
Completed 200 OK in 71ms (Views: 63.8ms | ActiveRecord: 0.5ms)


Started GET "/session/new" for ::1 at 2022-03-15 16:33:26 -0400
Processing by SessionsController#new as HTML
  Rendering sessions/new.html.erb within layouts/application
  Rendered sessions/new.html.erb within layouts/application (0.8ms)
  [1m[36mUser Load (0.5ms)[0m  [1m[34mSELECT  "users".* FROM "users" WHERE "users"."session_token" IS NULL LIMIT $1[0m  [["LIMIT", 1]]
  ↳ app/controllers/application_controller.rb:5
Completed 200 OK in 76ms (Views: 68.0ms | ActiveRecord: 0.5ms)


